13-Oct-2021 19:01:16.517 INFO [main] org.apache.catalina.startup.VersionLoggerListener.log Server version name:   Apache Tomcat/9.0.37
13-Oct-2021 19:01:16.520 INFO [main] org.apache.catalina.startup.VersionLoggerListener.log Server built:          Jun 30 2020 20:09:49 UTC
13-Oct-2021 19:01:16.520 INFO [main] org.apache.catalina.startup.VersionLoggerListener.log Server version number: 9.0.37.0
13-Oct-2021 19:01:16.520 INFO [main] org.apache.catalina.startup.VersionLoggerListener.log OS Name:               Mac OS X
13-Oct-2021 19:01:16.520 INFO [main] org.apache.catalina.startup.VersionLoggerListener.log OS Version:            10.16
13-Oct-2021 19:01:16.520 INFO [main] org.apache.catalina.startup.VersionLoggerListener.log Architecture:          x86_64
13-Oct-2021 19:01:16.520 INFO [main] org.apache.catalina.startup.VersionLoggerListener.log Java Home:             /Library/Java/JavaVirtualMachines/jdk-11.0.4.jdk/Contents/Home
13-Oct-2021 19:01:16.520 INFO [main] org.apache.catalina.startup.VersionLoggerListener.log JVM Version:           11.0.4+10-LTS
13-Oct-2021 19:01:16.520 INFO [main] org.apache.catalina.startup.VersionLoggerListener.log JVM Vendor:            Oracle Corporation
13-Oct-2021 19:01:16.521 INFO [main] org.apache.catalina.startup.VersionLoggerListener.log CATALINA_BASE:         /Users/laymui/dev/taiger/serenityjs-rest/apache-tomcat-9.0.37
13-Oct-2021 19:01:16.521 INFO [main] org.apache.catalina.startup.VersionLoggerListener.log CATALINA_HOME:         /Users/laymui/dev/taiger/serenityjs-rest/apache-tomcat-9.0.37
13-Oct-2021 19:01:16.589 INFO [main] org.apache.catalina.startup.VersionLoggerListener.log Command line argument: --add-opens=java.base/java.lang=ALL-UNNAMED
13-Oct-2021 19:01:16.589 INFO [main] org.apache.catalina.startup.VersionLoggerListener.log Command line argument: --add-opens=java.base/java.io=ALL-UNNAMED
13-Oct-2021 19:01:16.589 INFO [main] org.apache.catalina.startup.VersionLoggerListener.log Command line argument: --add-opens=java.rmi/sun.rmi.transport=ALL-UNNAMED
13-Oct-2021 19:01:16.589 INFO [main] org.apache.catalina.startup.VersionLoggerListener.log Command line argument: -Djava.util.logging.config.file=/Users/laymui/dev/taiger/serenityjs-rest/apache-tomcat-9.0.37/conf/logging.properties
13-Oct-2021 19:01:16.589 INFO [main] org.apache.catalina.startup.VersionLoggerListener.log Command line argument: -Djava.util.logging.manager=org.apache.juli.ClassLoaderLogManager
13-Oct-2021 19:01:16.589 INFO [main] org.apache.catalina.startup.VersionLoggerListener.log Command line argument: -Djdk.tls.ephemeralDHKeySize=2048
13-Oct-2021 19:01:16.590 INFO [main] org.apache.catalina.startup.VersionLoggerListener.log Command line argument: -Djava.protocol.handler.pkgs=org.apache.catalina.webresources
13-Oct-2021 19:01:16.590 INFO [main] org.apache.catalina.startup.VersionLoggerListener.log Command line argument: -Dorg.apache.catalina.security.SecurityListener.UMASK=0027
13-Oct-2021 19:01:16.590 INFO [main] org.apache.catalina.startup.VersionLoggerListener.log Command line argument: -Dignore.endorsed.dirs=
13-Oct-2021 19:01:16.590 INFO [main] org.apache.catalina.startup.VersionLoggerListener.log Command line argument: -Dcatalina.base=/Users/laymui/dev/taiger/serenityjs-rest/apache-tomcat-9.0.37
13-Oct-2021 19:01:16.590 INFO [main] org.apache.catalina.startup.VersionLoggerListener.log Command line argument: -Dcatalina.home=/Users/laymui/dev/taiger/serenityjs-rest/apache-tomcat-9.0.37
13-Oct-2021 19:01:16.591 INFO [main] org.apache.catalina.startup.VersionLoggerListener.log Command line argument: -Djava.io.tmpdir=/Users/laymui/dev/taiger/serenityjs-rest/apache-tomcat-9.0.37/temp
13-Oct-2021 19:01:16.591 INFO [main] org.apache.catalina.core.AprLifecycleListener.lifecycleEvent The Apache Tomcat Native library which allows using OpenSSL was not found on the java.library.path: [/Users/laymui/Library/Java/Extensions:/Library/Java/Extensions:/Network/Library/Java/Extensions:/System/Library/Java/Extensions:/usr/lib/java:.]
13-Oct-2021 19:01:16.956 INFO [main] org.apache.coyote.AbstractProtocol.init Initializing ProtocolHandler ["http-nio-8080"]
13-Oct-2021 19:01:17.007 INFO [main] org.apache.catalina.startup.Catalina.load Server initialization in [746] milliseconds
13-Oct-2021 19:01:17.063 INFO [main] org.apache.catalina.core.StandardService.startInternal Starting service [Catalina]
13-Oct-2021 19:01:17.064 INFO [main] org.apache.catalina.core.StandardEngine.startInternal Starting Servlet engine: [Apache Tomcat/9.0.37]
13-Oct-2021 19:01:17.083 INFO [main] org.apache.catalina.startup.HostConfig.deployWAR Deploying web application archive [/Users/laymui/dev/taiger/serenityjs-rest/apache-tomcat-9.0.37/webapps/webapp.war]
13-Oct-2021 19:01:17.103 INFO [main] org.apache.catalina.startup.ExpandWar.expand An expanded directory [/Users/laymui/dev/taiger/serenityjs-rest/apache-tomcat-9.0.37/webapps/webapp] was found with a last modified time that did not match the associated WAR. It will be deleted.
13-Oct-2021 19:01:18.348 INFO [main] org.apache.jasper.servlet.TldScanner.scanJars At least one JAR was scanned for TLDs yet contained no TLDs. Enable debug logging for this logger for a complete list of JARs that were scanned but no TLDs were found in them. Skipping unneeded JARs during scanning can improve startup time and JSP compilation time.
13-Oct-2021 19:01:19.272 INFO [main] org.apache.catalina.startup.HostConfig.deployWAR Deployment of web application archive [/Users/laymui/dev/taiger/serenityjs-rest/apache-tomcat-9.0.37/webapps/webapp.war] has finished in [2,189] ms
13-Oct-2021 19:01:19.273 INFO [main] org.apache.catalina.startup.HostConfig.deployDirectory Deploying web application directory [/Users/laymui/dev/taiger/serenityjs-rest/apache-tomcat-9.0.37/webapps/docs]
13-Oct-2021 19:01:19.289 INFO [main] org.apache.catalina.startup.HostConfig.deployDirectory Deployment of web application directory [/Users/laymui/dev/taiger/serenityjs-rest/apache-tomcat-9.0.37/webapps/docs] has finished in [16] ms
13-Oct-2021 19:01:19.289 INFO [main] org.apache.catalina.startup.HostConfig.deployDirectory Deploying web application directory [/Users/laymui/dev/taiger/serenityjs-rest/apache-tomcat-9.0.37/webapps/manager]
13-Oct-2021 19:01:19.316 INFO [main] org.apache.catalina.startup.HostConfig.deployDirectory Deployment of web application directory [/Users/laymui/dev/taiger/serenityjs-rest/apache-tomcat-9.0.37/webapps/manager] has finished in [27] ms
13-Oct-2021 19:01:19.316 INFO [main] org.apache.catalina.startup.HostConfig.deployDirectory Deploying web application directory [/Users/laymui/dev/taiger/serenityjs-rest/apache-tomcat-9.0.37/webapps/examples]
13-Oct-2021 19:01:19.532 INFO [main] org.apache.catalina.startup.HostConfig.deployDirectory Deployment of web application directory [/Users/laymui/dev/taiger/serenityjs-rest/apache-tomcat-9.0.37/webapps/examples] has finished in [216] ms
13-Oct-2021 19:01:19.532 INFO [main] org.apache.catalina.startup.HostConfig.deployDirectory Deploying web application directory [/Users/laymui/dev/taiger/serenityjs-rest/apache-tomcat-9.0.37/webapps/ROOT]
13-Oct-2021 19:01:19.546 INFO [main] org.apache.catalina.startup.HostConfig.deployDirectory Deployment of web application directory [/Users/laymui/dev/taiger/serenityjs-rest/apache-tomcat-9.0.37/webapps/ROOT] has finished in [14] ms
13-Oct-2021 19:01:19.546 INFO [main] org.apache.catalina.startup.HostConfig.deployDirectory Deploying web application directory [/Users/laymui/dev/taiger/serenityjs-rest/apache-tomcat-9.0.37/webapps/host-manager]
13-Oct-2021 19:01:19.560 INFO [main] org.apache.catalina.startup.HostConfig.deployDirectory Deployment of web application directory [/Users/laymui/dev/taiger/serenityjs-rest/apache-tomcat-9.0.37/webapps/host-manager] has finished in [14] ms
13-Oct-2021 19:01:19.566 INFO [main] org.apache.coyote.AbstractProtocol.start Starting ProtocolHandler ["http-nio-8080"]
13-Oct-2021 19:01:19.574 INFO [main] org.apache.catalina.startup.Catalina.start Server startup in [2566] milliseconds
13-Oct-2021 20:07:45.047 INFO [main] org.apache.catalina.startup.VersionLoggerListener.log Server version name:   Apache Tomcat/9.0.37
13-Oct-2021 20:07:45.050 INFO [main] org.apache.catalina.startup.VersionLoggerListener.log Server built:          Jun 30 2020 20:09:49 UTC
13-Oct-2021 20:07:45.051 INFO [main] org.apache.catalina.startup.VersionLoggerListener.log Server version number: 9.0.37.0
13-Oct-2021 20:07:45.051 INFO [main] org.apache.catalina.startup.VersionLoggerListener.log OS Name:               Mac OS X
13-Oct-2021 20:07:45.051 INFO [main] org.apache.catalina.startup.VersionLoggerListener.log OS Version:            10.16
13-Oct-2021 20:07:45.051 INFO [main] org.apache.catalina.startup.VersionLoggerListener.log Architecture:          x86_64
13-Oct-2021 20:07:45.051 INFO [main] org.apache.catalina.startup.VersionLoggerListener.log Java Home:             /Library/Java/JavaVirtualMachines/jdk-11.0.4.jdk/Contents/Home
13-Oct-2021 20:07:45.051 INFO [main] org.apache.catalina.startup.VersionLoggerListener.log JVM Version:           11.0.4+10-LTS
13-Oct-2021 20:07:45.051 INFO [main] org.apache.catalina.startup.VersionLoggerListener.log JVM Vendor:            Oracle Corporation
13-Oct-2021 20:07:45.052 INFO [main] org.apache.catalina.startup.VersionLoggerListener.log CATALINA_BASE:         /Users/laymui/dev/taiger/serenityjs-rest/apache-tomcat-9.0.37
13-Oct-2021 20:07:45.052 INFO [main] org.apache.catalina.startup.VersionLoggerListener.log CATALINA_HOME:         /Users/laymui/dev/taiger/serenityjs-rest/apache-tomcat-9.0.37
13-Oct-2021 20:07:45.068 INFO [main] org.apache.catalina.startup.VersionLoggerListener.log Command line argument: --add-opens=java.base/java.lang=ALL-UNNAMED
13-Oct-2021 20:07:45.068 INFO [main] org.apache.catalina.startup.VersionLoggerListener.log Command line argument: --add-opens=java.base/java.io=ALL-UNNAMED
13-Oct-2021 20:07:45.068 INFO [main] org.apache.catalina.startup.VersionLoggerListener.log Command line argument: --add-opens=java.rmi/sun.rmi.transport=ALL-UNNAMED
13-Oct-2021 20:07:45.068 INFO [main] org.apache.catalina.startup.VersionLoggerListener.log Command line argument: -Djava.util.logging.config.file=/Users/laymui/dev/taiger/serenityjs-rest/apache-tomcat-9.0.37/conf/logging.properties
13-Oct-2021 20:07:45.068 INFO [main] org.apache.catalina.startup.VersionLoggerListener.log Command line argument: -Djava.util.logging.manager=org.apache.juli.ClassLoaderLogManager
13-Oct-2021 20:07:45.069 INFO [main] org.apache.catalina.startup.VersionLoggerListener.log Command line argument: -Djdk.tls.ephemeralDHKeySize=2048
13-Oct-2021 20:07:45.069 INFO [main] org.apache.catalina.startup.VersionLoggerListener.log Command line argument: -Djava.protocol.handler.pkgs=org.apache.catalina.webresources
13-Oct-2021 20:07:45.069 INFO [main] org.apache.catalina.startup.VersionLoggerListener.log Command line argument: -Dorg.apache.catalina.security.SecurityListener.UMASK=0027
13-Oct-2021 20:07:45.069 INFO [main] org.apache.catalina.startup.VersionLoggerListener.log Command line argument: -Dignore.endorsed.dirs=
13-Oct-2021 20:07:45.069 INFO [main] org.apache.catalina.startup.VersionLoggerListener.log Command line argument: -Dcatalina.base=/Users/laymui/dev/taiger/serenityjs-rest/apache-tomcat-9.0.37
13-Oct-2021 20:07:45.069 INFO [main] org.apache.catalina.startup.VersionLoggerListener.log Command line argument: -Dcatalina.home=/Users/laymui/dev/taiger/serenityjs-rest/apache-tomcat-9.0.37
13-Oct-2021 20:07:45.069 INFO [main] org.apache.catalina.startup.VersionLoggerListener.log Command line argument: -Djava.io.tmpdir=/Users/laymui/dev/taiger/serenityjs-rest/apache-tomcat-9.0.37/temp
13-Oct-2021 20:07:45.069 INFO [main] org.apache.catalina.core.AprLifecycleListener.lifecycleEvent The Apache Tomcat Native library which allows using OpenSSL was not found on the java.library.path: [/Users/laymui/Library/Java/Extensions:/Library/Java/Extensions:/Network/Library/Java/Extensions:/System/Library/Java/Extensions:/usr/lib/java:.]
13-Oct-2021 20:07:45.394 INFO [main] org.apache.coyote.AbstractProtocol.init Initializing ProtocolHandler ["http-nio-8080"]
13-Oct-2021 20:07:45.429 INFO [main] org.apache.catalina.startup.Catalina.load Server initialization in [608] milliseconds
13-Oct-2021 20:07:45.482 INFO [main] org.apache.catalina.core.StandardService.startInternal Starting service [Catalina]
13-Oct-2021 20:07:45.482 INFO [main] org.apache.catalina.core.StandardEngine.startInternal Starting Servlet engine: [Apache Tomcat/9.0.37]
13-Oct-2021 20:07:45.501 INFO [main] org.apache.catalina.startup.HostConfig.deployWAR Deploying web application archive [/Users/laymui/dev/taiger/serenityjs-rest/apache-tomcat-9.0.37/webapps/webapp.war]
13-Oct-2021 20:07:45.531 INFO [main] org.apache.catalina.startup.ExpandWar.expand An expanded directory [/Users/laymui/dev/taiger/serenityjs-rest/apache-tomcat-9.0.37/webapps/webapp] was found with a last modified time that did not match the associated WAR. It will be deleted.
13-Oct-2021 20:07:46.643 INFO [main] org.apache.jasper.servlet.TldScanner.scanJars At least one JAR was scanned for TLDs yet contained no TLDs. Enable debug logging for this logger for a complete list of JARs that were scanned but no TLDs were found in them. Skipping unneeded JARs during scanning can improve startup time and JSP compilation time.
13-Oct-2021 20:07:47.529 INFO [main] org.apache.catalina.startup.HostConfig.deployWAR Deployment of web application archive [/Users/laymui/dev/taiger/serenityjs-rest/apache-tomcat-9.0.37/webapps/webapp.war] has finished in [2,027] ms
13-Oct-2021 20:07:47.529 INFO [main] org.apache.catalina.startup.HostConfig.deployDirectory Deploying web application directory [/Users/laymui/dev/taiger/serenityjs-rest/apache-tomcat-9.0.37/webapps/docs]
13-Oct-2021 20:07:47.549 INFO [main] org.apache.catalina.startup.HostConfig.deployDirectory Deployment of web application directory [/Users/laymui/dev/taiger/serenityjs-rest/apache-tomcat-9.0.37/webapps/docs] has finished in [20] ms
13-Oct-2021 20:07:47.549 INFO [main] org.apache.catalina.startup.HostConfig.deployDirectory Deploying web application directory [/Users/laymui/dev/taiger/serenityjs-rest/apache-tomcat-9.0.37/webapps/manager]
13-Oct-2021 20:07:47.583 INFO [main] org.apache.catalina.startup.HostConfig.deployDirectory Deployment of web application directory [/Users/laymui/dev/taiger/serenityjs-rest/apache-tomcat-9.0.37/webapps/manager] has finished in [34] ms
13-Oct-2021 20:07:47.584 INFO [main] org.apache.catalina.startup.HostConfig.deployDirectory Deploying web application directory [/Users/laymui/dev/taiger/serenityjs-rest/apache-tomcat-9.0.37/webapps/examples]
13-Oct-2021 20:07:47.798 INFO [main] org.apache.catalina.startup.HostConfig.deployDirectory Deployment of web application directory [/Users/laymui/dev/taiger/serenityjs-rest/apache-tomcat-9.0.37/webapps/examples] has finished in [215] ms
13-Oct-2021 20:07:47.798 INFO [main] org.apache.catalina.startup.HostConfig.deployDirectory Deploying web application directory [/Users/laymui/dev/taiger/serenityjs-rest/apache-tomcat-9.0.37/webapps/ROOT]
13-Oct-2021 20:07:47.815 INFO [main] org.apache.catalina.startup.HostConfig.deployDirectory Deployment of web application directory [/Users/laymui/dev/taiger/serenityjs-rest/apache-tomcat-9.0.37/webapps/ROOT] has finished in [16] ms
13-Oct-2021 20:07:47.815 INFO [main] org.apache.catalina.startup.HostConfig.deployDirectory Deploying web application directory [/Users/laymui/dev/taiger/serenityjs-rest/apache-tomcat-9.0.37/webapps/host-manager]
13-Oct-2021 20:07:47.833 INFO [main] org.apache.catalina.startup.HostConfig.deployDirectory Deployment of web application directory [/Users/laymui/dev/taiger/serenityjs-rest/apache-tomcat-9.0.37/webapps/host-manager] has finished in [18] ms
13-Oct-2021 20:07:47.838 INFO [main] org.apache.coyote.AbstractProtocol.start Starting ProtocolHandler ["http-nio-8080"]
13-Oct-2021 20:07:47.847 INFO [main] org.apache.catalina.startup.Catalina.start Server startup in [2417] milliseconds
