17-Oct-2021 21:02:51.847 INFO [main] org.apache.catalina.startup.VersionLoggerListener.log Server version name:   Apache Tomcat/9.0.37
17-Oct-2021 21:02:51.850 INFO [main] org.apache.catalina.startup.VersionLoggerListener.log Server built:          Jun 30 2020 20:09:49 UTC
17-Oct-2021 21:02:51.850 INFO [main] org.apache.catalina.startup.VersionLoggerListener.log Server version number: 9.0.37.0
17-Oct-2021 21:02:51.851 INFO [main] org.apache.catalina.startup.VersionLoggerListener.log OS Name:               Mac OS X
17-Oct-2021 21:02:51.851 INFO [main] org.apache.catalina.startup.VersionLoggerListener.log OS Version:            10.16
17-Oct-2021 21:02:51.851 INFO [main] org.apache.catalina.startup.VersionLoggerListener.log Architecture:          x86_64
17-Oct-2021 21:02:51.851 INFO [main] org.apache.catalina.startup.VersionLoggerListener.log Java Home:             /Library/Java/JavaVirtualMachines/jdk-11.0.4.jdk/Contents/Home
17-Oct-2021 21:02:51.851 INFO [main] org.apache.catalina.startup.VersionLoggerListener.log JVM Version:           11.0.4+10-LTS
17-Oct-2021 21:02:51.851 INFO [main] org.apache.catalina.startup.VersionLoggerListener.log JVM Vendor:            Oracle Corporation
17-Oct-2021 21:02:51.851 INFO [main] org.apache.catalina.startup.VersionLoggerListener.log CATALINA_BASE:         /Users/laymui/dev/taiger/serenityjs-rest/apache-tomcat-9.0.37
17-Oct-2021 21:02:51.851 INFO [main] org.apache.catalina.startup.VersionLoggerListener.log CATALINA_HOME:         /Users/laymui/dev/taiger/serenityjs-rest/apache-tomcat-9.0.37
17-Oct-2021 21:02:51.874 INFO [main] org.apache.catalina.startup.VersionLoggerListener.log Command line argument: --add-opens=java.base/java.lang=ALL-UNNAMED
17-Oct-2021 21:02:51.874 INFO [main] org.apache.catalina.startup.VersionLoggerListener.log Command line argument: --add-opens=java.base/java.io=ALL-UNNAMED
17-Oct-2021 21:02:51.874 INFO [main] org.apache.catalina.startup.VersionLoggerListener.log Command line argument: --add-opens=java.rmi/sun.rmi.transport=ALL-UNNAMED
17-Oct-2021 21:02:51.875 INFO [main] org.apache.catalina.startup.VersionLoggerListener.log Command line argument: -Djava.util.logging.config.file=/Users/laymui/dev/taiger/serenityjs-rest/apache-tomcat-9.0.37/conf/logging.properties
17-Oct-2021 21:02:51.875 INFO [main] org.apache.catalina.startup.VersionLoggerListener.log Command line argument: -Djava.util.logging.manager=org.apache.juli.ClassLoaderLogManager
17-Oct-2021 21:02:51.875 INFO [main] org.apache.catalina.startup.VersionLoggerListener.log Command line argument: -Djdk.tls.ephemeralDHKeySize=2048
17-Oct-2021 21:02:51.875 INFO [main] org.apache.catalina.startup.VersionLoggerListener.log Command line argument: -Djava.protocol.handler.pkgs=org.apache.catalina.webresources
17-Oct-2021 21:02:51.875 INFO [main] org.apache.catalina.startup.VersionLoggerListener.log Command line argument: -Dorg.apache.catalina.security.SecurityListener.UMASK=0027
17-Oct-2021 21:02:51.875 INFO [main] org.apache.catalina.startup.VersionLoggerListener.log Command line argument: -Dignore.endorsed.dirs=
17-Oct-2021 21:02:51.875 INFO [main] org.apache.catalina.startup.VersionLoggerListener.log Command line argument: -Dcatalina.base=/Users/laymui/dev/taiger/serenityjs-rest/apache-tomcat-9.0.37
17-Oct-2021 21:02:51.875 INFO [main] org.apache.catalina.startup.VersionLoggerListener.log Command line argument: -Dcatalina.home=/Users/laymui/dev/taiger/serenityjs-rest/apache-tomcat-9.0.37
17-Oct-2021 21:02:51.876 INFO [main] org.apache.catalina.startup.VersionLoggerListener.log Command line argument: -Djava.io.tmpdir=/Users/laymui/dev/taiger/serenityjs-rest/apache-tomcat-9.0.37/temp
17-Oct-2021 21:02:51.876 INFO [main] org.apache.catalina.core.AprLifecycleListener.lifecycleEvent The Apache Tomcat Native library which allows using OpenSSL was not found on the java.library.path: [/Users/laymui/Library/Java/Extensions:/Library/Java/Extensions:/Network/Library/Java/Extensions:/System/Library/Java/Extensions:/usr/lib/java:.]
17-Oct-2021 21:02:52.217 INFO [main] org.apache.coyote.AbstractProtocol.init Initializing ProtocolHandler ["http-nio-8080"]
17-Oct-2021 21:02:52.250 SEVERE [main] org.apache.catalina.util.LifecycleBase.handleSubClassException Failed to initialize component [Connector[HTTP/1.1-8080]]
	org.apache.catalina.LifecycleException: Protocol handler initialization failed
		at org.apache.catalina.connector.Connector.initInternal(Connector.java:1042)
		at org.apache.catalina.util.LifecycleBase.init(LifecycleBase.java:136)
		at org.apache.catalina.core.StandardService.initInternal(StandardService.java:533)
		at org.apache.catalina.util.LifecycleBase.init(LifecycleBase.java:136)
		at org.apache.catalina.core.StandardServer.initInternal(StandardServer.java:1057)
		at org.apache.catalina.util.LifecycleBase.init(LifecycleBase.java:136)
		at org.apache.catalina.startup.Catalina.load(Catalina.java:690)
		at org.apache.catalina.startup.Catalina.load(Catalina.java:712)
		at java.base/jdk.internal.reflect.NativeMethodAccessorImpl.invoke0(Native Method)
		at java.base/jdk.internal.reflect.NativeMethodAccessorImpl.invoke(NativeMethodAccessorImpl.java:62)
		at java.base/jdk.internal.reflect.DelegatingMethodAccessorImpl.invoke(DelegatingMethodAccessorImpl.java:43)
		at java.base/java.lang.reflect.Method.invoke(Method.java:566)
		at org.apache.catalina.startup.Bootstrap.load(Bootstrap.java:302)
		at org.apache.catalina.startup.Bootstrap.main(Bootstrap.java:472)
	Caused by: java.net.BindException: Address already in use
		at java.base/sun.nio.ch.Net.bind0(Native Method)
		at java.base/sun.nio.ch.Net.bind(Net.java:461)
		at java.base/sun.nio.ch.Net.bind(Net.java:453)
		at java.base/sun.nio.ch.ServerSocketChannelImpl.bind(ServerSocketChannelImpl.java:227)
		at java.base/sun.nio.ch.ServerSocketAdaptor.bind(ServerSocketAdaptor.java:80)
		at org.apache.tomcat.util.net.NioEndpoint.initServerSocket(NioEndpoint.java:228)
		at org.apache.tomcat.util.net.NioEndpoint.bind(NioEndpoint.java:211)
		at org.apache.tomcat.util.net.AbstractEndpoint.bindWithCleanup(AbstractEndpoint.java:1141)
		at org.apache.tomcat.util.net.AbstractEndpoint.init(AbstractEndpoint.java:1154)
		at org.apache.coyote.AbstractProtocol.init(AbstractProtocol.java:581)
		at org.apache.coyote.http11.AbstractHttp11Protocol.init(AbstractHttp11Protocol.java:74)
		at org.apache.catalina.connector.Connector.initInternal(Connector.java:1039)
		... 13 more
17-Oct-2021 21:02:52.252 INFO [main] org.apache.catalina.startup.Catalina.load Server initialization in [685] milliseconds
17-Oct-2021 21:02:52.305 INFO [main] org.apache.catalina.core.StandardService.startInternal Starting service [Catalina]
17-Oct-2021 21:02:52.305 INFO [main] org.apache.catalina.core.StandardEngine.startInternal Starting Servlet engine: [Apache Tomcat/9.0.37]
17-Oct-2021 21:02:52.324 INFO [main] org.apache.catalina.startup.HostConfig.deployWAR Deploying web application archive [/Users/laymui/dev/taiger/serenityjs-rest/apache-tomcat-9.0.37/webapps/webapp.war]
17-Oct-2021 21:02:52.345 INFO [main] org.apache.catalina.startup.ExpandWar.expand An expanded directory [/Users/laymui/dev/taiger/serenityjs-rest/apache-tomcat-9.0.37/webapps/webapp] was found with a last modified time that did not match the associated WAR. It will be deleted.
17-Oct-2021 21:02:53.417 INFO [main] org.apache.jasper.servlet.TldScanner.scanJars At least one JAR was scanned for TLDs yet contained no TLDs. Enable debug logging for this logger for a complete list of JARs that were scanned but no TLDs were found in them. Skipping unneeded JARs during scanning can improve startup time and JSP compilation time.
17-Oct-2021 21:02:53.347 INFO [Catalina-utility-1] org.apache.catalina.startup.HostConfig.undeploy Undeploying context [/webapp]
17-Oct-2021 21:02:53.998 INFO [Catalina-utility-1] org.apache.catalina.startup.HostConfig.deployWAR Deploying web application archive [/Users/laymui/dev/taiger/serenityjs-rest/apache-tomcat-9.0.37/webapps/webapp.war]
17-Oct-2021 21:02:54.031 SEVERE [main] org.apache.jasper.EmbeddedServletOptions.<init> The scratchDir you specified: [/Users/laymui/dev/taiger/serenityjs-rest/apache-tomcat-9.0.37/work/Catalina/localhost/webapp] is unusable.
17-Oct-2021 21:02:54.046 INFO [main] org.apache.catalina.startup.HostConfig.deployWAR Deployment of web application archive [/Users/laymui/dev/taiger/serenityjs-rest/apache-tomcat-9.0.37/webapps/webapp.war] has finished in [1,721] ms
17-Oct-2021 21:02:54.047 INFO [main] org.apache.catalina.startup.HostConfig.deployDirectory Deploying web application directory [/Users/laymui/dev/taiger/serenityjs-rest/apache-tomcat-9.0.37/webapps/docs]
17-Oct-2021 21:02:54.070 INFO [main] org.apache.catalina.startup.HostConfig.deployDirectory Deployment of web application directory [/Users/laymui/dev/taiger/serenityjs-rest/apache-tomcat-9.0.37/webapps/docs] has finished in [21] ms
17-Oct-2021 21:02:54.070 INFO [main] org.apache.catalina.startup.HostConfig.deployDirectory Deploying web application directory [/Users/laymui/dev/taiger/serenityjs-rest/apache-tomcat-9.0.37/webapps/manager]
17-Oct-2021 21:02:54.108 INFO [main] org.apache.catalina.startup.HostConfig.deployDirectory Deployment of web application directory [/Users/laymui/dev/taiger/serenityjs-rest/apache-tomcat-9.0.37/webapps/manager] has finished in [38] ms
17-Oct-2021 21:02:54.109 INFO [main] org.apache.catalina.startup.HostConfig.deployDirectory Deploying web application directory [/Users/laymui/dev/taiger/serenityjs-rest/apache-tomcat-9.0.37/webapps/examples]
17-Oct-2021 21:02:54.373 INFO [main] org.apache.catalina.startup.HostConfig.deployDirectory Deployment of web application directory [/Users/laymui/dev/taiger/serenityjs-rest/apache-tomcat-9.0.37/webapps/examples] has finished in [263] ms
17-Oct-2021 21:02:54.373 INFO [main] org.apache.catalina.startup.HostConfig.deployDirectory Deploying web application directory [/Users/laymui/dev/taiger/serenityjs-rest/apache-tomcat-9.0.37/webapps/ROOT]
17-Oct-2021 21:02:54.399 INFO [main] org.apache.catalina.startup.HostConfig.deployDirectory Deployment of web application directory [/Users/laymui/dev/taiger/serenityjs-rest/apache-tomcat-9.0.37/webapps/ROOT] has finished in [25] ms
17-Oct-2021 21:02:54.399 INFO [main] org.apache.catalina.startup.HostConfig.deployDirectory Deploying web application directory [/Users/laymui/dev/taiger/serenityjs-rest/apache-tomcat-9.0.37/webapps/host-manager]
17-Oct-2021 21:02:54.419 INFO [main] org.apache.catalina.startup.HostConfig.deployDirectory Deployment of web application directory [/Users/laymui/dev/taiger/serenityjs-rest/apache-tomcat-9.0.37/webapps/host-manager] has finished in [20] ms
17-Oct-2021 21:02:54.425 INFO [main] org.apache.catalina.startup.Catalina.start Server startup in [2172] milliseconds
17-Oct-2021 21:02:54.433 SEVERE [main] org.apache.catalina.core.StandardServer.await Failed to create server shutdown socket on address [localhost] and port [8005] (base port [8005] and offset [0])
	java.net.BindException: Address already in use (Bind failed)
		at java.base/java.net.PlainSocketImpl.socketBind(Native Method)
		at java.base/java.net.AbstractPlainSocketImpl.bind(AbstractPlainSocketImpl.java:436)
		at java.base/java.net.ServerSocket.bind(ServerSocket.java:381)
		at java.base/java.net.ServerSocket.<init>(ServerSocket.java:243)
		at org.apache.catalina.core.StandardServer.await(StandardServer.java:584)
		at org.apache.catalina.startup.Catalina.await(Catalina.java:825)
		at org.apache.catalina.startup.Catalina.start(Catalina.java:771)
		at java.base/jdk.internal.reflect.NativeMethodAccessorImpl.invoke0(Native Method)
		at java.base/jdk.internal.reflect.NativeMethodAccessorImpl.invoke(NativeMethodAccessorImpl.java:62)
		at java.base/jdk.internal.reflect.DelegatingMethodAccessorImpl.invoke(DelegatingMethodAccessorImpl.java:43)
		at java.base/java.lang.reflect.Method.invoke(Method.java:566)
		at org.apache.catalina.startup.Bootstrap.start(Bootstrap.java:342)
		at org.apache.catalina.startup.Bootstrap.main(Bootstrap.java:473)
17-Oct-2021 21:02:54.434 INFO [main] org.apache.coyote.AbstractProtocol.pause Pausing ProtocolHandler ["http-nio-8080"]
17-Oct-2021 21:02:54.434 INFO [main] org.apache.catalina.core.StandardService.stopInternal Stopping service [Catalina]
17-Oct-2021 21:02:54.460 INFO [main] org.apache.coyote.AbstractProtocol.stop Stopping ProtocolHandler ["http-nio-8080"]
17-Oct-2021 21:02:54.460 INFO [main] org.apache.coyote.AbstractProtocol.destroy Destroying ProtocolHandler ["http-nio-8080"]
17-Oct-2021 21:02:57.258 INFO [Catalina-utility-1] org.apache.jasper.servlet.TldScanner.scanJars At least one JAR was scanned for TLDs yet contained no TLDs. Enable debug logging for this logger for a complete list of JARs that were scanned but no TLDs were found in them. Skipping unneeded JARs during scanning can improve startup time and JSP compilation time.
17-Oct-2021 21:02:58.335 INFO [Catalina-utility-1] org.apache.catalina.startup.HostConfig.deployWAR Deployment of web application archive [/Users/laymui/dev/taiger/serenityjs-rest/apache-tomcat-9.0.37/webapps/webapp.war] has finished in [4,336] ms
