17-Oct-2021 21:02:54.023 SEVERE [main] org.apache.catalina.core.ApplicationContext.log Servlet.init() for servlet [Jersey Web Application] threw exception
	org.glassfish.jersey.server.internal.scanning.ResourceFinderException: java.io.FileNotFoundException: /Users/laymui/dev/taiger/serenityjs-rest/apache-tomcat-9.0.37/webapps/webapp/WEB-INF/lib/jackson-jaxrs-json-provider-2.2.3.jar (No such file or directory)
		at org.glassfish.jersey.server.internal.scanning.JarZipSchemeResourceFinderFactory.create(JarZipSchemeResourceFinderFactory.java:66)
		at org.glassfish.jersey.server.internal.scanning.JarZipSchemeResourceFinderFactory.create(JarZipSchemeResourceFinderFactory.java:42)
		at org.glassfish.jersey.server.internal.scanning.PackageNamesScanner.addResourceFinder(PackageNamesScanner.java:259)
		at org.glassfish.jersey.server.internal.scanning.PackageNamesScanner.init(PackageNamesScanner.java:175)
		at org.glassfish.jersey.server.internal.scanning.PackageNamesScanner.<init>(PackageNamesScanner.java:131)
		at org.glassfish.jersey.server.internal.scanning.PackageNamesScanner.<init>(PackageNamesScanner.java:87)
		at org.glassfish.jersey.server.ResourceConfig.scanClasses(ResourceConfig.java:872)
		at org.glassfish.jersey.server.ResourceConfig._getClasses(ResourceConfig.java:842)
		at org.glassfish.jersey.server.ResourceConfig.getClasses(ResourceConfig.java:751)
		at org.glassfish.jersey.server.ResourceConfig$RuntimeConfig.<init>(ResourceConfig.java:1178)
		at org.glassfish.jersey.server.ResourceConfig$RuntimeConfig.<init>(ResourceConfig.java:1151)
		at org.glassfish.jersey.server.ResourceConfig.createRuntimeConfig(ResourceConfig.java:1147)
		at org.glassfish.jersey.server.ApplicationHandler$RuntimeConfigConfigurator.init(ApplicationHandler.java:182)
		at org.glassfish.jersey.server.ApplicationHandler.lambda$initialize$0(ApplicationHandler.java:290)
		at java.base/java.util.Arrays$ArrayList.forEach(Arrays.java:4390)
		at org.glassfish.jersey.server.ApplicationHandler.initialize(ApplicationHandler.java:290)
		at org.glassfish.jersey.server.ApplicationHandler.<init>(ApplicationHandler.java:259)
		at org.glassfish.jersey.servlet.WebComponent.<init>(WebComponent.java:311)
		at org.glassfish.jersey.servlet.ServletContainer.init(ServletContainer.java:154)
		at org.glassfish.jersey.servlet.ServletContainer.init(ServletContainer.java:346)
		at javax.servlet.GenericServlet.init(GenericServlet.java:158)
		at org.apache.catalina.core.StandardWrapper.initServlet(StandardWrapper.java:1134)
		at org.apache.catalina.core.StandardWrapper.loadServlet(StandardWrapper.java:1089)
		at org.apache.catalina.core.StandardWrapper.load(StandardWrapper.java:983)
		at org.apache.catalina.core.StandardContext.loadOnStartup(StandardContext.java:4864)
		at org.apache.catalina.core.StandardContext.startInternal(StandardContext.java:5173)
		at org.apache.catalina.util.LifecycleBase.start(LifecycleBase.java:183)
		at org.apache.catalina.core.ContainerBase.addChildInternal(ContainerBase.java:717)
		at org.apache.catalina.core.ContainerBase.addChild(ContainerBase.java:690)
		at org.apache.catalina.core.StandardHost.addChild(StandardHost.java:705)
		at org.apache.catalina.startup.HostConfig.deployWAR(HostConfig.java:978)
		at org.apache.catalina.startup.HostConfig$DeployWar.run(HostConfig.java:1848)
		at java.base/java.util.concurrent.Executors$RunnableAdapter.call(Executors.java:515)
		at java.base/java.util.concurrent.FutureTask.run(FutureTask.java:264)
		at org.apache.tomcat.util.threads.InlineExecutorService.execute(InlineExecutorService.java:75)
		at java.base/java.util.concurrent.AbstractExecutorService.submit(AbstractExecutorService.java:118)
		at org.apache.catalina.startup.HostConfig.deployWARs(HostConfig.java:773)
		at org.apache.catalina.startup.HostConfig.deployApps(HostConfig.java:427)
		at org.apache.catalina.startup.HostConfig.start(HostConfig.java:1576)
		at org.apache.catalina.startup.HostConfig.lifecycleEvent(HostConfig.java:309)
		at org.apache.catalina.util.LifecycleBase.fireLifecycleEvent(LifecycleBase.java:123)
		at org.apache.catalina.util.LifecycleBase.setStateInternal(LifecycleBase.java:423)
		at org.apache.catalina.util.LifecycleBase.setState(LifecycleBase.java:366)
		at org.apache.catalina.core.ContainerBase.startInternal(ContainerBase.java:936)
		at org.apache.catalina.core.StandardHost.startInternal(StandardHost.java:841)
		at org.apache.catalina.util.LifecycleBase.start(LifecycleBase.java:183)
		at org.apache.catalina.core.ContainerBase$StartChild.call(ContainerBase.java:1384)
		at org.apache.catalina.core.ContainerBase$StartChild.call(ContainerBase.java:1374)
		at java.base/java.util.concurrent.FutureTask.run(FutureTask.java:264)
		at org.apache.tomcat.util.threads.InlineExecutorService.execute(InlineExecutorService.java:75)
		at java.base/java.util.concurrent.AbstractExecutorService.submit(AbstractExecutorService.java:140)
		at org.apache.catalina.core.ContainerBase.startInternal(ContainerBase.java:909)
		at org.apache.catalina.core.StandardEngine.startInternal(StandardEngine.java:262)
		at org.apache.catalina.util.LifecycleBase.start(LifecycleBase.java:183)
		at org.apache.catalina.core.StandardService.startInternal(StandardService.java:421)
		at org.apache.catalina.util.LifecycleBase.start(LifecycleBase.java:183)
		at org.apache.catalina.core.StandardServer.startInternal(StandardServer.java:930)
		at org.apache.catalina.util.LifecycleBase.start(LifecycleBase.java:183)
		at org.apache.catalina.startup.Catalina.start(Catalina.java:738)
		at java.base/jdk.internal.reflect.NativeMethodAccessorImpl.invoke0(Native Method)
		at java.base/jdk.internal.reflect.NativeMethodAccessorImpl.invoke(NativeMethodAccessorImpl.java:62)
		at java.base/jdk.internal.reflect.DelegatingMethodAccessorImpl.invoke(DelegatingMethodAccessorImpl.java:43)
		at java.base/java.lang.reflect.Method.invoke(Method.java:566)
		at org.apache.catalina.startup.Bootstrap.start(Bootstrap.java:342)
		at org.apache.catalina.startup.Bootstrap.main(Bootstrap.java:473)
	Caused by: java.io.FileNotFoundException: /Users/laymui/dev/taiger/serenityjs-rest/apache-tomcat-9.0.37/webapps/webapp/WEB-INF/lib/jackson-jaxrs-json-provider-2.2.3.jar (No such file or directory)
		at java.base/java.io.FileInputStream.open0(Native Method)
		at java.base/java.io.FileInputStream.open(FileInputStream.java:219)
		at java.base/java.io.FileInputStream.<init>(FileInputStream.java:157)
		at java.base/java.io.FileInputStream.<init>(FileInputStream.java:112)
		at java.base/sun.net.www.protocol.file.FileURLConnection.connect(FileURLConnection.java:86)
		at java.base/sun.net.www.protocol.file.FileURLConnection.getInputStream(FileURLConnection.java:184)
		at java.base/java.net.URL.openStream(URL.java:1129)
		at org.glassfish.jersey.server.internal.scanning.JarZipSchemeResourceFinderFactory.getInputStream(JarZipSchemeResourceFinderFactory.java:154)
		at org.glassfish.jersey.server.internal.scanning.JarZipSchemeResourceFinderFactory.create(JarZipSchemeResourceFinderFactory.java:64)
		... 64 more
17-Oct-2021 21:02:54.024 SEVERE [main] org.apache.catalina.core.StandardContext.loadOnStartup Servlet [Jersey Web Application] in web application [/webapp] threw load() exception
	java.io.FileNotFoundException: /Users/laymui/dev/taiger/serenityjs-rest/apache-tomcat-9.0.37/webapps/webapp/WEB-INF/lib/jackson-jaxrs-json-provider-2.2.3.jar (No such file or directory)
		at java.base/java.io.FileInputStream.open0(Native Method)
		at java.base/java.io.FileInputStream.open(FileInputStream.java:219)
		at java.base/java.io.FileInputStream.<init>(FileInputStream.java:157)
		at java.base/java.io.FileInputStream.<init>(FileInputStream.java:112)
		at java.base/sun.net.www.protocol.file.FileURLConnection.connect(FileURLConnection.java:86)
		at java.base/sun.net.www.protocol.file.FileURLConnection.getInputStream(FileURLConnection.java:184)
		at java.base/java.net.URL.openStream(URL.java:1129)
		at org.glassfish.jersey.server.internal.scanning.JarZipSchemeResourceFinderFactory.getInputStream(JarZipSchemeResourceFinderFactory.java:154)
		at org.glassfish.jersey.server.internal.scanning.JarZipSchemeResourceFinderFactory.create(JarZipSchemeResourceFinderFactory.java:64)
		at org.glassfish.jersey.server.internal.scanning.JarZipSchemeResourceFinderFactory.create(JarZipSchemeResourceFinderFactory.java:42)
		at org.glassfish.jersey.server.internal.scanning.PackageNamesScanner.addResourceFinder(PackageNamesScanner.java:259)
		at org.glassfish.jersey.server.internal.scanning.PackageNamesScanner.init(PackageNamesScanner.java:175)
		at org.glassfish.jersey.server.internal.scanning.PackageNamesScanner.<init>(PackageNamesScanner.java:131)
		at org.glassfish.jersey.server.internal.scanning.PackageNamesScanner.<init>(PackageNamesScanner.java:87)
		at org.glassfish.jersey.server.ResourceConfig.scanClasses(ResourceConfig.java:872)
		at org.glassfish.jersey.server.ResourceConfig._getClasses(ResourceConfig.java:842)
		at org.glassfish.jersey.server.ResourceConfig.getClasses(ResourceConfig.java:751)
		at org.glassfish.jersey.server.ResourceConfig$RuntimeConfig.<init>(ResourceConfig.java:1178)
		at org.glassfish.jersey.server.ResourceConfig$RuntimeConfig.<init>(ResourceConfig.java:1151)
		at org.glassfish.jersey.server.ResourceConfig.createRuntimeConfig(ResourceConfig.java:1147)
		at org.glassfish.jersey.server.ApplicationHandler$RuntimeConfigConfigurator.init(ApplicationHandler.java:182)
		at org.glassfish.jersey.server.ApplicationHandler.lambda$initialize$0(ApplicationHandler.java:290)
		at java.base/java.util.Arrays$ArrayList.forEach(Arrays.java:4390)
		at org.glassfish.jersey.server.ApplicationHandler.initialize(ApplicationHandler.java:290)
		at org.glassfish.jersey.server.ApplicationHandler.<init>(ApplicationHandler.java:259)
		at org.glassfish.jersey.servlet.WebComponent.<init>(WebComponent.java:311)
		at org.glassfish.jersey.servlet.ServletContainer.init(ServletContainer.java:154)
		at org.glassfish.jersey.servlet.ServletContainer.init(ServletContainer.java:346)
		at javax.servlet.GenericServlet.init(GenericServlet.java:158)
		at org.apache.catalina.core.StandardWrapper.initServlet(StandardWrapper.java:1134)
		at org.apache.catalina.core.StandardWrapper.loadServlet(StandardWrapper.java:1089)
		at org.apache.catalina.core.StandardWrapper.load(StandardWrapper.java:983)
		at org.apache.catalina.core.StandardContext.loadOnStartup(StandardContext.java:4864)
		at org.apache.catalina.core.StandardContext.startInternal(StandardContext.java:5173)
		at org.apache.catalina.util.LifecycleBase.start(LifecycleBase.java:183)
		at org.apache.catalina.core.ContainerBase.addChildInternal(ContainerBase.java:717)
		at org.apache.catalina.core.ContainerBase.addChild(ContainerBase.java:690)
		at org.apache.catalina.core.StandardHost.addChild(StandardHost.java:705)
		at org.apache.catalina.startup.HostConfig.deployWAR(HostConfig.java:978)
		at org.apache.catalina.startup.HostConfig$DeployWar.run(HostConfig.java:1848)
		at java.base/java.util.concurrent.Executors$RunnableAdapter.call(Executors.java:515)
		at java.base/java.util.concurrent.FutureTask.run(FutureTask.java:264)
		at org.apache.tomcat.util.threads.InlineExecutorService.execute(InlineExecutorService.java:75)
		at java.base/java.util.concurrent.AbstractExecutorService.submit(AbstractExecutorService.java:118)
		at org.apache.catalina.startup.HostConfig.deployWARs(HostConfig.java:773)
		at org.apache.catalina.startup.HostConfig.deployApps(HostConfig.java:427)
		at org.apache.catalina.startup.HostConfig.start(HostConfig.java:1576)
		at org.apache.catalina.startup.HostConfig.lifecycleEvent(HostConfig.java:309)
		at org.apache.catalina.util.LifecycleBase.fireLifecycleEvent(LifecycleBase.java:123)
		at org.apache.catalina.util.LifecycleBase.setStateInternal(LifecycleBase.java:423)
		at org.apache.catalina.util.LifecycleBase.setState(LifecycleBase.java:366)
		at org.apache.catalina.core.ContainerBase.startInternal(ContainerBase.java:936)
		at org.apache.catalina.core.StandardHost.startInternal(StandardHost.java:841)
		at org.apache.catalina.util.LifecycleBase.start(LifecycleBase.java:183)
		at org.apache.catalina.core.ContainerBase$StartChild.call(ContainerBase.java:1384)
		at org.apache.catalina.core.ContainerBase$StartChild.call(ContainerBase.java:1374)
		at java.base/java.util.concurrent.FutureTask.run(FutureTask.java:264)
		at org.apache.tomcat.util.threads.InlineExecutorService.execute(InlineExecutorService.java:75)
		at java.base/java.util.concurrent.AbstractExecutorService.submit(AbstractExecutorService.java:140)
		at org.apache.catalina.core.ContainerBase.startInternal(ContainerBase.java:909)
		at org.apache.catalina.core.StandardEngine.startInternal(StandardEngine.java:262)
		at org.apache.catalina.util.LifecycleBase.start(LifecycleBase.java:183)
		at org.apache.catalina.core.StandardService.startInternal(StandardService.java:421)
		at org.apache.catalina.util.LifecycleBase.start(LifecycleBase.java:183)
		at org.apache.catalina.core.StandardServer.startInternal(StandardServer.java:930)
		at org.apache.catalina.util.LifecycleBase.start(LifecycleBase.java:183)
		at org.apache.catalina.startup.Catalina.start(Catalina.java:738)
		at java.base/jdk.internal.reflect.NativeMethodAccessorImpl.invoke0(Native Method)
		at java.base/jdk.internal.reflect.NativeMethodAccessorImpl.invoke(NativeMethodAccessorImpl.java:62)
		at java.base/jdk.internal.reflect.DelegatingMethodAccessorImpl.invoke(DelegatingMethodAccessorImpl.java:43)
		at java.base/java.lang.reflect.Method.invoke(Method.java:566)
		at org.apache.catalina.startup.Bootstrap.start(Bootstrap.java:342)
		at org.apache.catalina.startup.Bootstrap.main(Bootstrap.java:473)
17-Oct-2021 21:02:54.366 INFO [main] org.apache.catalina.core.ApplicationContext.log ContextListener: contextInitialized()
17-Oct-2021 21:02:54.366 INFO [main] org.apache.catalina.core.ApplicationContext.log SessionListener: contextInitialized()
17-Oct-2021 21:02:54.367 INFO [main] org.apache.catalina.core.ApplicationContext.log ContextListener: attributeAdded('StockTicker', 'async.Stockticker@606b53a3')
17-Oct-2021 21:02:54.447 INFO [main] org.apache.catalina.core.ApplicationContext.log SessionListener: contextDestroyed()
17-Oct-2021 21:02:54.447 INFO [main] org.apache.catalina.core.ApplicationContext.log ContextListener: contextDestroyed()
